{"numFailedTestSuites":21,"numFailedTests":0,"numPassedTestSuites":0,"numPassedTests":0,"numPendingTestSuites":0,"numPendingTests":0,"numRuntimeErrorTestSuites":21,"numTodoTests":0,"numTotalTestSuites":21,"numTotalTests":0,"openHandles":[],"snapshot":{"added":0,"didUpdate":false,"failure":false,"filesAdded":0,"filesRemoved":0,"filesRemovedList":[],"filesUnmatched":0,"filesUpdated":0,"matched":0,"total":0,"unchecked":0,"uncheckedKeysByFile":[],"unmatched":0,"updated":0},"startTime":1782100823574,"success":false,"testResults":[{"assertionResults":[],"coverage":{},"endTime":1782100825627,"message":"  ● Test suite failed to run\n\n    Vitest cannot be imported in a CommonJS module using require(). Please use \"import\" instead.\n\n    If you are using \"import\" in your source code, then it's possible it was bundled into require() automatically by your bundler. In that case, do not bundle CommonJS output since it will never work with Vitest, or use dynamic import() which is available in all CommonJS modules.\n\n    \u001b[0m \u001b[90m  6 |\u001b[39m \u001b[90m */\u001b[39m\n     \u001b[90m  7 |\u001b[39m\n    \u001b[31m\u001b[1m>\u001b[22m\u001b[39m\u001b[90m  8 |\u001b[39m \u001b[36mimport\u001b[39m { describe\u001b[33m,\u001b[39m expect\u001b[33m,\u001b[39m it } \u001b[36mfrom\u001b[39m \u001b[32m'vitest'\u001b[39m\u001b[33m;\u001b[39m\n     \u001b[90m    |\u001b[39m \u001b[31m\u001b[1m^\u001b[22m\u001b[39m\n     \u001b[90m  9 |\u001b[39m \u001b[36mimport\u001b[39m { tokenizeChinese } \u001b[36mfrom\u001b[39m \u001b[32m'../tokenizer'\u001b[39m\u001b[33m;\u001b[39m\n     \u001b[90m 10 |\u001b[39m \u001b[36mimport\u001b[39m { escapeFts5 } \u001b[36mfrom\u001b[39m \u001b[32m'../fts5'\u001b[39m\u001b[33m;\u001b[39m\n     \u001b[90m 11 |\u001b[39m\u001b[0m\n\n      at Object.<anonymous> (node_modules/vitest/index.cjs:1:7)\n      at Object.require (src/db/__tests__/search.test.ts:8:1)\n","name":"E:\\Code\\PStore\\src\\db\\__tests__\\search.test.ts","startTime":1782100825627,"status":"failed","summary":""},{"assertionResults":[],"coverage":{},"endTime":1782100825627,"message":"  ● Test suite failed to run\n\n    Vitest cannot be imported in a CommonJS module using require(). Please use \"import\" instead.\n\n    If you are using \"import\" in your source code, then it's possible it was bundled into require() automatically by your bundler. In that case, do not bundle CommonJS output since it will never work with Vitest, or use dynamic import() which is available in all CommonJS modules.\n\n    \u001b[0m \u001b[90m  6 |\u001b[39m \u001b[90m */\u001b[39m\n     \u001b[90m  7 |\u001b[39m\n    \u001b[31m\u001b[1m>\u001b[22m\u001b[39m\u001b[90m  8 |\u001b[39m \u001b[36mimport\u001b[39m { describe\u001b[33m,\u001b[39m expect\u001b[33m,\u001b[39m it } \u001b[36mfrom\u001b[39m \u001b[32m'vitest'\u001b[39m\u001b[33m;\u001b[39m\n     \u001b[90m    |\u001b[39m \u001b[31m\u001b[1m^\u001b[22m\u001b[39m\n     \u001b[90m  9 |\u001b[39m \u001b[36mimport\u001b[39m \u001b[33m*\u001b[39m \u001b[36mas\u001b[39m fs \u001b[36mfrom\u001b[39m \u001b[32m'node:fs'\u001b[39m\u001b[33m;\u001b[39m\n     \u001b[90m 10 |\u001b[39m \u001b[36mimport\u001b[39m \u001b[33m*\u001b[39m \u001b[36mas\u001b[39m path \u001b[36mfrom\u001b[39m \u001b[32m'node:path'\u001b[39m\u001b[33m;\u001b[39m\n     \u001b[90m 11 |\u001b[39m\u001b[0m\n\n      at Object.<anonymous> (node_modules/vitest/index.cjs:1:7)\n      at Object.require (src/db/__tests__/scaffold.test.ts:8:1)\n","name":"E:\\Code\\PStore\\src\\db\\__tests__\\scaffold.test.ts","startTime":1782100825627,"status":"failed","summary":""},{"assertionResults":[],"coverage":{},"endTime":1782100825627,"message":"  ● Test suite failed to run\n\n    Vitest cannot be imported in a CommonJS module using require(). Please use \"import\" instead.\n\n    If you are using \"import\" in your source code, then it's possible it was bundled into require() automatically by your bundler. In that case, do not bundle CommonJS output since it will never work with Vitest, or use dynamic import() which is available in all CommonJS modules.\n\n    \u001b[0m\u001b[31m\u001b[1m>\u001b[22m\u001b[39m\u001b[90m 1 |\u001b[39m \u001b[36mimport\u001b[39m { describe\u001b[33m,\u001b[39m expect\u001b[33m,\u001b[39m it\u001b[33m,\u001b[39m vi } \u001b[36mfrom\u001b[39m \u001b[32m'vitest'\u001b[39m\u001b[33m;\u001b[39m\n     \u001b[90m   |\u001b[39m \u001b[31m\u001b[1m^\u001b[22m\u001b[39m\n     \u001b[90m 2 |\u001b[39m\n     \u001b[90m 3 |\u001b[39m vi\u001b[33m.\u001b[39mmock(\u001b[32m'expo-crypto'\u001b[39m\u001b[33m,\u001b[39m () \u001b[33m=>\u001b[39m ({\n     \u001b[90m 4 |\u001b[39m   randomUUID\u001b[33m:\u001b[39m () \u001b[33m=>\u001b[39m \u001b[32m'xxxxxxxx-xxxx-4xxx-yxxx-xxxxxxxxxxxx'\u001b[39m\u001b[33m.\u001b[39mreplace(\u001b[35m/[xy]/g\u001b[39m\u001b[33m,\u001b[39m (c) \u001b[33m=>\u001b[39m {\u001b[0m\n\n      at Object.<anonymous> (node_modules/vitest/index.cjs:1:7)\n      at Object.require (src/__tests__/test-expo-crypto.test.ts:1:1)\n","name":"E:\\Code\\PStore\\src\\__tests__\\test-expo-crypto.test.ts","startTime":1782100825627,"status":"failed","summary":""},{"assertionResults":[],"coverage":{},"endTime":1782100825627,"message":"  ● Test suite failed to run\n\n    Vitest cannot be imported in a CommonJS module using require(). Please use \"import\" instead.\n\n    If you are using \"import\" in your source code, then it's possible it was bundled into require() automatically by your bundler. In that case, do not bundle CommonJS output since it will never work with Vitest, or use dynamic import() which is available in all CommonJS modules.\n\n    \u001b[0m \u001b[90m 3 |\u001b[39m \u001b[90m */\u001b[39m\n     \u001b[90m 4 |\u001b[39m\n    \u001b[31m\u001b[1m>\u001b[22m\u001b[39m\u001b[90m 5 |\u001b[39m \u001b[36mimport\u001b[39m { describe\u001b[33m,\u001b[39m expect\u001b[33m,\u001b[39m it } \u001b[36mfrom\u001b[39m \u001b[32m'vitest'\u001b[39m\u001b[33m;\u001b[39m\n     \u001b[90m   |\u001b[39m \u001b[31m\u001b[1m^\u001b[22m\u001b[39m\n     \u001b[90m 6 |\u001b[39m \u001b[36mimport\u001b[39m { useCartStore } \u001b[36mfrom\u001b[39m \u001b[32m'../cart'\u001b[39m\u001b[33m;\u001b[39m\n     \u001b[90m 7 |\u001b[39m\n     \u001b[90m 8 |\u001b[39m describe(\u001b[32m'useCartStore'\u001b[39m\u001b[33m,\u001b[39m () \u001b[33m=>\u001b[39m {\u001b[0m\n\n      at Object.<anonymous> (node_modules/vitest/index.cjs:1:7)\n      at Object.require (src/store/__tests__/cart.test.ts:5:1)\n","name":"E:\\Code\\PStore\\src\\store\\__tests__\\cart.test.ts","startTime":1782100825627,"status":"failed","summary":""},{"assertionResults":[],"coverage":{},"endTime":1782100825627,"message":"  ● Test suite failed to run\n\n    Vitest cannot be imported in a CommonJS module using require(). Please use \"import\" instead.\n\n    If you are using \"import\" in your source code, then it's possible it was bundled into require() automatically by your bundler. In that case, do not bundle CommonJS output since it will never work with Vitest, or use dynamic import() which is available in all CommonJS modules.\n\n    \u001b[0m\u001b[31m\u001b[1m>\u001b[22m\u001b[39m\u001b[90m 1 |\u001b[39m \u001b[36mimport\u001b[39m { describe\u001b[33m,\u001b[39m expect\u001b[33m,\u001b[39m it } \u001b[36mfrom\u001b[39m \u001b[32m'vitest'\u001b[39m\u001b[33m;\u001b[39m\n     \u001b[90m   |\u001b[39m \u001b[31m\u001b[1m^\u001b[22m\u001b[39m\n     \u001b[90m 2 |\u001b[39m\n     \u001b[90m 3 |\u001b[39m vi\u001b[33m.\u001b[39mmock(\u001b[32m'pinyin-pro'\u001b[39m\u001b[33m,\u001b[39m () \u001b[33m=>\u001b[39m {\n     \u001b[90m 4 |\u001b[39m   \u001b[36mconst\u001b[39m pinyin \u001b[33m=\u001b[39m (text\u001b[33m:\u001b[39m string\u001b[33m,\u001b[39m _opts\u001b[33m?\u001b[39m\u001b[33m:\u001b[39m \u001b[33mRecord\u001b[39m\u001b[33m<\u001b[39m\u001b[33mstring\u001b[39m\u001b[33m,\u001b[39m unknown\u001b[33m>\u001b[39m) \u001b[33m=>\u001b[39m {\u001b[0m\n\n      at Object.<anonymous> (node_modules/vitest/index.cjs:1:7)\n      at Object.require (src/__tests__/test-pinyin.test.ts:1:1)\n","name":"E:\\Code\\PStore\\src\\__tests__\\test-pinyin.test.ts","startTime":1782100825627,"status":"failed","summary":""},{"assertionResults":[],"coverage":{},"endTime":1782100825627,"message":"  ● Test suite failed to run\n\n    Vitest cannot be imported in a CommonJS module using require(). Please use \"import\" instead.\n\n    If you are using \"import\" in your source code, then it's possible it was bundled into require() automatically by your bundler. In that case, do not bundle CommonJS output since it will never work with Vitest, or use dynamic import() which is available in all CommonJS modules.\n\n    \u001b[0m \u001b[90m  5 |\u001b[39m \u001b[90m */\u001b[39m\n     \u001b[90m  6 |\u001b[39m\n    \u001b[31m\u001b[1m>\u001b[22m\u001b[39m\u001b[90m  7 |\u001b[39m \u001b[36mimport\u001b[39m { describe\u001b[33m,\u001b[39m expect\u001b[33m,\u001b[39m it } \u001b[36mfrom\u001b[39m \u001b[32m'vitest'\u001b[39m\u001b[33m;\u001b[39m\n     \u001b[90m    |\u001b[39m \u001b[31m\u001b[1m^\u001b[22m\u001b[39m\n     \u001b[90m  8 |\u001b[39m \u001b[36mimport\u001b[39m { tokenizeChinese } \u001b[36mfrom\u001b[39m \u001b[32m'../tokenizer'\u001b[39m\u001b[33m;\u001b[39m\n     \u001b[90m  9 |\u001b[39m\n     \u001b[90m 10 |\u001b[39m describe(\u001b[32m'tokenizeChinese'\u001b[39m\u001b[33m,\u001b[39m () \u001b[33m=>\u001b[39m {\u001b[0m\n\n      at Object.<anonymous> (node_modules/vitest/index.cjs:1:7)\n      at Object.require (src/db/__tests__/tokenizer.test.ts:7:1)\n","name":"E:\\Code\\PStore\\src\\db\\__tests__\\tokenizer.test.ts","startTime":1782100825627,"status":"failed","summary":""},{"assertionResults":[],"coverage":{},"endTime":1782100825627,"message":"  ● Test suite failed to run\n\n    Vitest cannot be imported in a CommonJS module using require(). Please use \"import\" instead.\n\n    If you are using \"import\" in your source code, then it's possible it was bundled into require() automatically by your bundler. In that case, do not bundle CommonJS output since it will never work with Vitest, or use dynamic import() which is available in all CommonJS modules.\n\n    \u001b[0m \u001b[90m  6 |\u001b[39m \u001b[90m */\u001b[39m\n     \u001b[90m  7 |\u001b[39m\n    \u001b[31m\u001b[1m>\u001b[22m\u001b[39m\u001b[90m  8 |\u001b[39m \u001b[36mimport\u001b[39m { describe\u001b[33m,\u001b[39m expect\u001b[33m,\u001b[39m it\u001b[33m,\u001b[39m vi\u001b[33m,\u001b[39m beforeEach } \u001b[36mfrom\u001b[39m \u001b[32m'vitest'\u001b[39m\u001b[33m;\u001b[39m\n     \u001b[90m    |\u001b[39m \u001b[31m\u001b[1m^\u001b[22m\u001b[39m\n     \u001b[90m  9 |\u001b[39m\n     \u001b[90m 10 |\u001b[39m \u001b[90m// ==================== Mock 模块（使用 vi.hoisted 解决提升问题） ====================\u001b[39m\n     \u001b[90m 11 |\u001b[39m\u001b[0m\n\n      at Object.<anonymous> (node_modules/vitest/index.cjs:1:7)\n      at Object.require (src/__tests__/webdav.test.ts:8:1)\n","name":"E:\\Code\\PStore\\src\\__tests__\\webdav.test.ts","startTime":1782100825627,"status":"failed","summary":""},{"assertionResults":[],"coverage":{},"endTime":1782100825627,"message":"  ● Test suite failed to run\n\n    Vitest cannot be imported in a CommonJS module using require(). Please use \"import\" instead.\n\n    If you are using \"import\" in your source code, then it's possible it was bundled into require() automatically by your bundler. In that case, do not bundle CommonJS output since it will never work with Vitest, or use dynamic import() which is available in all CommonJS modules.\n\n    \u001b[0m \u001b[90m  5 |\u001b[39m \u001b[90m */\u001b[39m\n     \u001b[90m  6 |\u001b[39m\n    \u001b[31m\u001b[1m>\u001b[22m\u001b[39m\u001b[90m  7 |\u001b[39m \u001b[36mimport\u001b[39m { describe\u001b[33m,\u001b[39m expect\u001b[33m,\u001b[39m it\u001b[33m,\u001b[39m beforeEach\u001b[33m,\u001b[39m vi } \u001b[36mfrom\u001b[39m \u001b[32m'vitest'\u001b[39m\u001b[33m;\u001b[39m\n     \u001b[90m    |\u001b[39m \u001b[31m\u001b[1m^\u001b[22m\u001b[39m\n     \u001b[90m  8 |\u001b[39m \u001b[36mimport\u001b[39m {\n     \u001b[90m  9 |\u001b[39m   findByBarcode\u001b[33m,\u001b[39m\n     \u001b[90m 10 |\u001b[39m   findByNameSimilarity\u001b[33m,\u001b[39m\u001b[0m\n\n      at Object.<anonymous> (node_modules/vitest/index.cjs:1:7)\n      at Object.require (src/db/__tests__/duplicate.test.ts:7:1)\n","name":"E:\\Code\\PStore\\src\\db\\__tests__\\duplicate.test.ts","startTime":1782100825627,"status":"failed","summary":""},{"assertionResults":[],"coverage":{},"endTime":1782100825627,"message":"  ● Test suite failed to run\n\n    Vitest cannot be imported in a CommonJS module using require(). Please use \"import\" instead.\n\n    If you are using \"import\" in your source code, then it's possible it was bundled into require() automatically by your bundler. In that case, do not bundle CommonJS output since it will never work with Vitest, or use dynamic import() which is available in all CommonJS modules.\n\n    \u001b[0m \u001b[90m 3 |\u001b[39m \u001b[90m */\u001b[39m\n     \u001b[90m 4 |\u001b[39m\n    \u001b[31m\u001b[1m>\u001b[22m\u001b[39m\u001b[90m 5 |\u001b[39m \u001b[36mimport\u001b[39m { describe\u001b[33m,\u001b[39m expect\u001b[33m,\u001b[39m it } \u001b[36mfrom\u001b[39m \u001b[32m'vitest'\u001b[39m\u001b[33m;\u001b[39m\n     \u001b[90m   |\u001b[39m \u001b[31m\u001b[1m^\u001b[22m\u001b[39m\n     \u001b[90m 6 |\u001b[39m \u001b[36mimport\u001b[39m \u001b[33m*\u001b[39m \u001b[36mas\u001b[39m fs \u001b[36mfrom\u001b[39m \u001b[32m'node:fs'\u001b[39m\u001b[33m;\u001b[39m\n     \u001b[90m 7 |\u001b[39m \u001b[36mimport\u001b[39m \u001b[33m*\u001b[39m \u001b[36mas\u001b[39m path \u001b[36mfrom\u001b[39m \u001b[32m'node:path'\u001b[39m\u001b[33m;\u001b[39m\n     \u001b[90m 8 |\u001b[39m\u001b[0m\n\n      at Object.<anonymous> (node_modules/vitest/index.cjs:1:7)\n      at Object.require (src/__tests__/phase2.test.ts:5:1)\n","name":"E:\\Code\\PStore\\src\\__tests__\\phase2.test.ts","startTime":1782100825627,"status":"failed","summary":""},{"assertionResults":[],"coverage":{},"endTime":1782100825627,"message":"  ● Test suite failed to run\n\n    Vitest cannot be imported in a CommonJS module using require(). Please use \"import\" instead.\n\n    If you are using \"import\" in your source code, then it's possible it was bundled into require() automatically by your bundler. In that case, do not bundle CommonJS output since it will never work with Vitest, or use dynamic import() which is available in all CommonJS modules.\n\n    \u001b[0m \u001b[90m 3 |\u001b[39m \u001b[90m */\u001b[39m\n     \u001b[90m 4 |\u001b[39m\n    \u001b[31m\u001b[1m>\u001b[22m\u001b[39m\u001b[90m 5 |\u001b[39m \u001b[36mimport\u001b[39m { describe\u001b[33m,\u001b[39m expect\u001b[33m,\u001b[39m it\u001b[33m,\u001b[39m vi\u001b[33m,\u001b[39m beforeEach\u001b[33m,\u001b[39m afterEach } \u001b[36mfrom\u001b[39m \u001b[32m'vitest'\u001b[39m\u001b[33m;\u001b[39m\n     \u001b[90m   |\u001b[39m \u001b[31m\u001b[1m^\u001b[22m\u001b[39m\n     \u001b[90m 6 |\u001b[39m \u001b[36mimport\u001b[39m \u001b[33m*\u001b[39m \u001b[36mas\u001b[39m \u001b[33mN1\u001b[39m \u001b[36mfrom\u001b[39m \u001b[32m'../../services/n1'\u001b[39m\u001b[33m;\u001b[39m\n     \u001b[90m 7 |\u001b[39m\n     \u001b[90m 8 |\u001b[39m describe(\u001b[32m'N1 API 客户端'\u001b[39m\u001b[33m,\u001b[39m () \u001b[33m=>\u001b[39m {\u001b[0m\n\n      at Object.<anonymous> (node_modules/vitest/index.cjs:1:7)\n      at Object.require (src/db/__tests__/n1-client.test.ts:5:1)\n","name":"E:\\Code\\PStore\\src\\db\\__tests__\\n1-client.test.ts","startTime":1782100825627,"status":"failed","summary":""},{"assertionResults":[],"coverage":{},"endTime":1782100825627,"message":"  ● Test suite failed to run\n\n    Vitest cannot be imported in a CommonJS module using require(). Please use \"import\" instead.\n\n    If you are using \"import\" in your source code, then it's possible it was bundled into require() automatically by your bundler. In that case, do not bundle CommonJS output since it will never work with Vitest, or use dynamic import() which is available in all CommonJS modules.\n\n    \u001b[0m \u001b[90m  6 |\u001b[39m \u001b[90m */\u001b[39m\n     \u001b[90m  7 |\u001b[39m\n    \u001b[31m\u001b[1m>\u001b[22m\u001b[39m\u001b[90m  8 |\u001b[39m \u001b[36mimport\u001b[39m { describe\u001b[33m,\u001b[39m expect\u001b[33m,\u001b[39m it } \u001b[36mfrom\u001b[39m \u001b[32m'vitest'\u001b[39m\u001b[33m;\u001b[39m\n     \u001b[90m    |\u001b[39m \u001b[31m\u001b[1m^\u001b[22m\u001b[39m\n     \u001b[90m  9 |\u001b[39m \u001b[36mimport\u001b[39m \u001b[33m*\u001b[39m \u001b[36mas\u001b[39m fs \u001b[36mfrom\u001b[39m \u001b[32m'node:fs'\u001b[39m\u001b[33m;\u001b[39m\n     \u001b[90m 10 |\u001b[39m \u001b[36mimport\u001b[39m \u001b[33m*\u001b[39m \u001b[36mas\u001b[39m path \u001b[36mfrom\u001b[39m \u001b[32m'node:path'\u001b[39m\u001b[33m;\u001b[39m\n     \u001b[90m 11 |\u001b[39m\u001b[0m\n\n      at Object.<anonymous> (node_modules/vitest/index.cjs:1:7)\n      at Object.require (src/__tests__/entry.test.ts:8:1)\n","name":"E:\\Code\\PStore\\src\\__tests__\\entry.test.ts","startTime":1782100825627,"status":"failed","summary":""},{"assertionResults":[],"coverage":{},"endTime":1782100825627,"message":"  ● Test suite failed to run\n\n    Vitest cannot be imported in a CommonJS module using require(). Please use \"import\" instead.\n\n    If you are using \"import\" in your source code, then it's possible it was bundled into require() automatically by your bundler. In that case, do not bundle CommonJS output since it will never work with Vitest, or use dynamic import() which is available in all CommonJS modules.\n\n    \u001b[0m \u001b[90m 3 |\u001b[39m \u001b[90m */\u001b[39m\n     \u001b[90m 4 |\u001b[39m\n    \u001b[31m\u001b[1m>\u001b[22m\u001b[39m\u001b[90m 5 |\u001b[39m \u001b[36mimport\u001b[39m { describe\u001b[33m,\u001b[39m expect\u001b[33m,\u001b[39m it\u001b[33m,\u001b[39m beforeEach\u001b[33m,\u001b[39m vi } \u001b[36mfrom\u001b[39m \u001b[32m'vitest'\u001b[39m\u001b[33m;\u001b[39m\n     \u001b[90m   |\u001b[39m \u001b[31m\u001b[1m^\u001b[22m\u001b[39m\n     \u001b[90m 6 |\u001b[39m \u001b[36mimport\u001b[39m { createOrUpdate\u001b[33m,\u001b[39m getAll\u001b[33m,\u001b[39m deleteById\u001b[33m,\u001b[39m findByBarcode\u001b[33m,\u001b[39m convertToProduct } \u001b[36mfrom\u001b[39m \u001b[32m'../pending'\u001b[39m\u001b[33m;\u001b[39m\n     \u001b[90m 7 |\u001b[39m\n     \u001b[90m 8 |\u001b[39m \u001b[90m// expo-crypto 的 .mjs 在 Vite SSR 模式下有语法问题，必须 mock\u001b[39m\u001b[0m\n\n      at Object.<anonymous> (node_modules/vitest/index.cjs:1:7)\n      at Object.require (src/db/__tests__/pending.test.ts:5:1)\n","name":"E:\\Code\\PStore\\src\\db\\__tests__\\pending.test.ts","startTime":1782100825627,"status":"failed","summary":""},{"assertionResults":[],"coverage":{},"endTime":1782100825627,"message":"  ● Test suite failed to run\n\n    Vitest cannot be imported in a CommonJS module using require(). Please use \"import\" instead.\n\n    If you are using \"import\" in your source code, then it's possible it was bundled into require() automatically by your bundler. In that case, do not bundle CommonJS output since it will never work with Vitest, or use dynamic import() which is available in all CommonJS modules.\n\n    \u001b[0m \u001b[90m  7 |\u001b[39m \u001b[90m */\u001b[39m\n     \u001b[90m  8 |\u001b[39m\n    \u001b[31m\u001b[1m>\u001b[22m\u001b[39m\u001b[90m  9 |\u001b[39m \u001b[36mimport\u001b[39m { describe\u001b[33m,\u001b[39m expect\u001b[33m,\u001b[39m it\u001b[33m,\u001b[39m vi\u001b[33m,\u001b[39m beforeEach } \u001b[36mfrom\u001b[39m \u001b[32m'vitest'\u001b[39m\u001b[33m;\u001b[39m\n     \u001b[90m    |\u001b[39m \u001b[31m\u001b[1m^\u001b[22m\u001b[39m\n     \u001b[90m 10 |\u001b[39m \u001b[36mimport\u001b[39m \u001b[33m*\u001b[39m \u001b[36mas\u001b[39m fs \u001b[36mfrom\u001b[39m \u001b[32m'node:fs'\u001b[39m\u001b[33m;\u001b[39m\n     \u001b[90m 11 |\u001b[39m \u001b[36mimport\u001b[39m \u001b[33m*\u001b[39m \u001b[36mas\u001b[39m path \u001b[36mfrom\u001b[39m \u001b[32m'node:path'\u001b[39m\u001b[33m;\u001b[39m\n     \u001b[90m 12 |\u001b[39m\u001b[0m\n\n      at Object.<anonymous> (node_modules/vitest/index.cjs:1:7)\n      at Object.require (src/__tests__/config-webdav.test.ts:9:1)\n","name":"E:\\Code\\PStore\\src\\__tests__\\config-webdav.test.ts","startTime":1782100825627,"status":"failed","summary":""},{"assertionResults":[],"coverage":{},"endTime":1782100825627,"message":"  ● Test suite failed to run\n\n    Vitest cannot be imported in a CommonJS module using require(). Please use \"import\" instead.\n\n    If you are using \"import\" in your source code, then it's possible it was bundled into require() automatically by your bundler. In that case, do not bundle CommonJS output since it will never work with Vitest, or use dynamic import() which is available in all CommonJS modules.\n\n    \u001b[0m \u001b[90m  6 |\u001b[39m \u001b[90m */\u001b[39m\n     \u001b[90m  7 |\u001b[39m\n    \u001b[31m\u001b[1m>\u001b[22m\u001b[39m\u001b[90m  8 |\u001b[39m \u001b[36mimport\u001b[39m { describe\u001b[33m,\u001b[39m expect\u001b[33m,\u001b[39m it\u001b[33m,\u001b[39m vi\u001b[33m,\u001b[39m beforeEach } \u001b[36mfrom\u001b[39m \u001b[32m'vitest'\u001b[39m\u001b[33m;\u001b[39m\n     \u001b[90m    |\u001b[39m \u001b[31m\u001b[1m^\u001b[22m\u001b[39m\n     \u001b[90m  9 |\u001b[39m\n     \u001b[90m 10 |\u001b[39m \u001b[90m// ==================== Mock 模块（使用 vi.hoisted 解决提升问题） ====================\u001b[39m\n     \u001b[90m 11 |\u001b[39m\u001b[0m\n\n      at Object.<anonymous> (node_modules/vitest/index.cjs:1:7)\n      at Object.require (src/__tests__/backup.test.ts:8:1)\n","name":"E:\\Code\\PStore\\src\\__tests__\\backup.test.ts","startTime":1782100825627,"status":"failed","summary":""},{"assertionResults":[],"coverage":{},"endTime":1782100825627,"message":"  ● Test suite failed to run\n\n    Vitest cannot be imported in a CommonJS module using require(). Please use \"import\" instead.\n\n    If you are using \"import\" in your source code, then it's possible it was bundled into require() automatically by your bundler. In that case, do not bundle CommonJS output since it will never work with Vitest, or use dynamic import() which is available in all CommonJS modules.\n\n    \u001b[0m \u001b[90m  6 |\u001b[39m \u001b[90m */\u001b[39m\n     \u001b[90m  7 |\u001b[39m\n    \u001b[31m\u001b[1m>\u001b[22m\u001b[39m\u001b[90m  8 |\u001b[39m \u001b[36mimport\u001b[39m { describe\u001b[33m,\u001b[39m expect\u001b[33m,\u001b[39m it } \u001b[36mfrom\u001b[39m \u001b[32m'vitest'\u001b[39m\u001b[33m;\u001b[39m\n     \u001b[90m    |\u001b[39m \u001b[31m\u001b[1m^\u001b[22m\u001b[39m\n     \u001b[90m  9 |\u001b[39m \u001b[36mimport\u001b[39m \u001b[33m*\u001b[39m \u001b[36mas\u001b[39m fs \u001b[36mfrom\u001b[39m \u001b[32m'node:fs'\u001b[39m\u001b[33m;\u001b[39m\n     \u001b[90m 10 |\u001b[39m \u001b[36mimport\u001b[39m \u001b[33m*\u001b[39m \u001b[36mas\u001b[39m path \u001b[36mfrom\u001b[39m \u001b[32m'node:path'\u001b[39m\u001b[33m;\u001b[39m\n     \u001b[90m 11 |\u001b[39m\u001b[0m\n\n      at Object.<anonymous> (node_modules/vitest/index.cjs:1:7)\n      at Object.require (src/__tests__/edit-scan.test.ts:8:1)\n","name":"E:\\Code\\PStore\\src\\__tests__\\edit-scan.test.ts","startTime":1782100825627,"status":"failed","summary":""},{"assertionResults":[],"coverage":{},"endTime":1782100825627,"message":"  ● Test suite failed to run\n\n    Vitest cannot be imported in a CommonJS module using require(). Please use \"import\" instead.\n\n    If you are using \"import\" in your source code, then it's possible it was bundled into require() automatically by your bundler. In that case, do not bundle CommonJS output since it will never work with Vitest, or use dynamic import() which is available in all CommonJS modules.\n\n    \u001b[0m \u001b[90m 3 |\u001b[39m \u001b[90m */\u001b[39m\n     \u001b[90m 4 |\u001b[39m\n    \u001b[31m\u001b[1m>\u001b[22m\u001b[39m\u001b[90m 5 |\u001b[39m \u001b[36mimport\u001b[39m { describe\u001b[33m,\u001b[39m expect\u001b[33m,\u001b[39m it\u001b[33m,\u001b[39m vi } \u001b[36mfrom\u001b[39m \u001b[32m'vitest'\u001b[39m\u001b[33m;\u001b[39m\n     \u001b[90m   |\u001b[39m \u001b[31m\u001b[1m^\u001b[22m\u001b[39m\n     \u001b[90m 6 |\u001b[39m\n     \u001b[90m 7 |\u001b[39m describe(\u001b[32m'performSync'\u001b[39m\u001b[33m,\u001b[39m () \u001b[33m=>\u001b[39m {\n     \u001b[90m 8 |\u001b[39m   \u001b[36mconst\u001b[39m mockStore \u001b[33m=\u001b[39m {\u001b[0m\n\n      at Object.<anonymous> (node_modules/vitest/index.cjs:1:7)\n      at Object.require (src/__tests__/sync.test.ts:5:1)\n","name":"E:\\Code\\PStore\\src\\__tests__\\sync.test.ts","startTime":1782100825627,"status":"failed","summary":""},{"assertionResults":[],"coverage":{},"endTime":1782100825627,"message":"  ● Test suite failed to run\n\n    Vitest cannot be imported in a CommonJS module using require(). Please use \"import\" instead.\n\n    If you are using \"import\" in your source code, then it's possible it was bundled into require() automatically by your bundler. In that case, do not bundle CommonJS output since it will never work with Vitest, or use dynamic import() which is available in all CommonJS modules.\n\n    \u001b[0m \u001b[90m  6 |\u001b[39m \u001b[90m */\u001b[39m\n     \u001b[90m  7 |\u001b[39m\n    \u001b[31m\u001b[1m>\u001b[22m\u001b[39m\u001b[90m  8 |\u001b[39m \u001b[36mimport\u001b[39m { describe\u001b[33m,\u001b[39m expect\u001b[33m,\u001b[39m it\u001b[33m,\u001b[39m vi\u001b[33m,\u001b[39m beforeEach\u001b[33m,\u001b[39m afterEach } \u001b[36mfrom\u001b[39m \u001b[32m'vitest'\u001b[39m\u001b[33m;\u001b[39m\n     \u001b[90m    |\u001b[39m \u001b[31m\u001b[1m^\u001b[22m\u001b[39m\n     \u001b[90m  9 |\u001b[39m \u001b[36mimport\u001b[39m { useSyncConfigStore } \u001b[36mfrom\u001b[39m \u001b[32m'../store/syncConfig'\u001b[39m\u001b[33m;\u001b[39m\n     \u001b[90m 10 |\u001b[39m\n     \u001b[90m 11 |\u001b[39m describe(\u001b[32m'同步配置流程'\u001b[39m\u001b[33m,\u001b[39m () \u001b[33m=>\u001b[39m {\u001b[0m\n\n      at Object.<anonymous> (node_modules/vitest/index.cjs:1:7)\n      at Object.require (src/__tests__/config-flow.test.ts:8:1)\n","name":"E:\\Code\\PStore\\src\\__tests__\\config-flow.test.ts","startTime":1782100825627,"status":"failed","summary":""},{"assertionResults":[],"coverage":{},"endTime":1782100825627,"message":"  ● Test suite failed to run\n\n    Vitest cannot be imported in a CommonJS module using require(). Please use \"import\" instead.\n\n    If you are using \"import\" in your source code, then it's possible it was bundled into require() automatically by your bundler. In that case, do not bundle CommonJS output since it will never work with Vitest, or use dynamic import() which is available in all CommonJS modules.\n\n    \u001b[0m \u001b[90m  7 |\u001b[39m \u001b[90m */\u001b[39m\n     \u001b[90m  8 |\u001b[39m\n    \u001b[31m\u001b[1m>\u001b[22m\u001b[39m\u001b[90m  9 |\u001b[39m \u001b[36mimport\u001b[39m { describe\u001b[33m,\u001b[39m expect\u001b[33m,\u001b[39m it\u001b[33m,\u001b[39m vi\u001b[33m,\u001b[39m beforeEach } \u001b[36mfrom\u001b[39m \u001b[32m'vitest'\u001b[39m\u001b[33m;\u001b[39m\n     \u001b[90m    |\u001b[39m \u001b[31m\u001b[1m^\u001b[22m\u001b[39m\n     \u001b[90m 10 |\u001b[39m\n     \u001b[90m 11 |\u001b[39m \u001b[90m// ==================== Mock 模块（vi.hoisted 解决提升问题） ====================\u001b[39m\n     \u001b[90m 12 |\u001b[39m\u001b[0m\n\n      at Object.<anonymous> (node_modules/vitest/index.cjs:1:7)\n      at Object.require (src/__tests__/aiConfig.test.ts:9:1)\n","name":"E:\\Code\\PStore\\src\\__tests__\\aiConfig.test.ts","startTime":1782100825627,"status":"failed","summary":""},{"assertionResults":[],"coverage":{},"endTime":1782100825627,"message":"  ● Test suite failed to run\n\n    Vitest cannot be imported in a CommonJS module using require(). Please use \"import\" instead.\n\n    If you are using \"import\" in your source code, then it's possible it was bundled into require() automatically by your bundler. In that case, do not bundle CommonJS output since it will never work with Vitest, or use dynamic import() which is available in all CommonJS modules.\n\n    \u001b[0m \u001b[90m  9 |\u001b[39m \u001b[90m */\u001b[39m\n     \u001b[90m 10 |\u001b[39m\n    \u001b[31m\u001b[1m>\u001b[22m\u001b[39m\u001b[90m 11 |\u001b[39m \u001b[36mimport\u001b[39m { describe\u001b[33m,\u001b[39m expect\u001b[33m,\u001b[39m it } \u001b[36mfrom\u001b[39m \u001b[32m'vitest'\u001b[39m\u001b[33m;\u001b[39m\n     \u001b[90m    |\u001b[39m \u001b[31m\u001b[1m^\u001b[22m\u001b[39m\n     \u001b[90m 12 |\u001b[39m \u001b[36mimport\u001b[39m \u001b[33m*\u001b[39m \u001b[36mas\u001b[39m fs \u001b[36mfrom\u001b[39m \u001b[32m'node:fs'\u001b[39m\u001b[33m;\u001b[39m\n     \u001b[90m 13 |\u001b[39m \u001b[36mimport\u001b[39m \u001b[33m*\u001b[39m \u001b[36mas\u001b[39m path \u001b[36mfrom\u001b[39m \u001b[32m'node:path'\u001b[39m\u001b[33m;\u001b[39m\n     \u001b[90m 14 |\u001b[39m\u001b[0m\n\n      at Object.<anonymous> (node_modules/vitest/index.cjs:1:7)\n      at Object.require (src/__tests__/ai-ui.test.ts:11:1)\n","name":"E:\\Code\\PStore\\src\\__tests__\\ai-ui.test.ts","startTime":1782100825627,"status":"failed","summary":""},{"assertionResults":[],"coverage":{},"endTime":1782100825627,"message":"  ● Test suite failed to run\n\n    Vitest cannot be imported in a CommonJS module using require(). Please use \"import\" instead.\n\n    If you are using \"import\" in your source code, then it's possible it was bundled into require() automatically by your bundler. In that case, do not bundle CommonJS output since it will never work with Vitest, or use dynamic import() which is available in all CommonJS modules.\n\n    \u001b[0m \u001b[90m  6 |\u001b[39m \u001b[90m */\u001b[39m\n     \u001b[90m  7 |\u001b[39m\n    \u001b[31m\u001b[1m>\u001b[22m\u001b[39m\u001b[90m  8 |\u001b[39m \u001b[36mimport\u001b[39m { describe\u001b[33m,\u001b[39m expect\u001b[33m,\u001b[39m it\u001b[33m,\u001b[39m vi\u001b[33m,\u001b[39m beforeEach } \u001b[36mfrom\u001b[39m \u001b[32m'vitest'\u001b[39m\u001b[33m;\u001b[39m\n     \u001b[90m    |\u001b[39m \u001b[31m\u001b[1m^\u001b[22m\u001b[39m\n     \u001b[90m  9 |\u001b[39m\n     \u001b[90m 10 |\u001b[39m \u001b[90m// ==================== Mock 模块 ====================\u001b[39m\n     \u001b[90m 11 |\u001b[39m\u001b[0m\n\n      at Object.<anonymous> (node_modules/vitest/index.cjs:1:7)\n      at Object.require (src/__tests__/ai.test.ts:8:1)\n","name":"E:\\Code\\PStore\\src\\__tests__\\ai.test.ts","startTime":1782100825627,"status":"failed","summary":""},{"assertionResults":[],"coverage":{},"endTime":1782100825627,"message":"  ● Test suite failed to run\n\n    Vitest cannot be imported in a CommonJS module using require(). Please use \"import\" instead.\n\n    If you are using \"import\" in your source code, then it's possible it was bundled into require() automatically by your bundler. In that case, do not bundle CommonJS output since it will never work with Vitest, or use dynamic import() which is available in all CommonJS modules.\n\n    \u001b[0m \u001b[90m  8 |\u001b[39m \u001b[90m */\u001b[39m\n     \u001b[90m  9 |\u001b[39m\n    \u001b[31m\u001b[1m>\u001b[22m\u001b[39m\u001b[90m 10 |\u001b[39m \u001b[36mimport\u001b[39m { describe\u001b[33m,\u001b[39m expect\u001b[33m,\u001b[39m it\u001b[33m,\u001b[39m vi\u001b[33m,\u001b[39m beforeEach\u001b[33m,\u001b[39m afterEach } \u001b[36mfrom\u001b[39m \u001b[32m'vitest'\u001b[39m\u001b[33m;\u001b[39m\n     \u001b[90m    |\u001b[39m \u001b[31m\u001b[1m^\u001b[22m\u001b[39m\n     \u001b[90m 11 |\u001b[39m\n     \u001b[90m 12 |\u001b[39m \u001b[90m// ==================== Mock 模块 ====================\u001b[39m\n     \u001b[90m 13 |\u001b[39m\u001b[0m\n\n      at Object.<anonymous> (node_modules/vitest/index.cjs:1:7)\n      at Object.require (src/__tests__/ai-chat.test.ts:10:1)\n","name":"E:\\Code\\PStore\\src\\__tests__\\ai-chat.test.ts","startTime":1782100825627,"status":"failed","summary":""}],"wasInterrupted":false}
